<?xml version="1.0" encoding="UTF-8"?>
<!-- Generated by org.testng.reporters.JUnitXMLReporter -->
<testsuite hostname="Sunnys-MacBook-Pro.local" ignored="0" name="Test" tests="1" failures="1" timestamp="10 Mar 2019 00:28:11 GMT" time="8.525" errors="0">
  <testcase name="f" time="5.078" classname="selanium.NewTest">
    <failure type="java.lang.AssertionError" message="null">
      <![CDATA[java.lang.AssertionError: null
at selanium.NewTest.f(NewTest.java:31)
... Removed 27 stack frames]]>
    </failure>
  </testcase> <!-- f -->
</testsuite> <!-- Test -->
